0 info it worked if it ends with ok
1 verbose cli [ '/Users/user/.nvm/versions/node/v6.11.3/bin/node',
1 verbose cli   '/Users/user/.nvm/versions/node/v6.11.3/bin/npm',
1 verbose cli   'run',
1 verbose cli   'sim' ]
2 info using npm@3.10.10
3 info using node@v6.11.3
4 verbose run-script [ 'presim', 'sim', 'postsim' ]
5 info lifecycle meteor-cordova-starter@~presim: meteor-cordova-starter@
6 silly lifecycle meteor-cordova-starter@~presim: no script for presim, continuing
7 info lifecycle meteor-cordova-starter@~sim: meteor-cordova-starter@
8 verbose lifecycle meteor-cordova-starter@~sim: unsafe-perm in lifecycle true
9 verbose lifecycle meteor-cordova-starter@~sim: PATH: /Users/user/.nvm/versions/node/v6.11.3/lib/node_modules/npm/bin/node-gyp-bin:/Users/user/projects/meteor_cordova_starter/node_modules/.bin:/Users/user/.nvm/versions/node/v6.11.3/bin:/Users/user/Downloads/google-cloud-sdk/bin:/Library/Frameworks/Python.framework/Versions/2.7/bin:/usr/local/bin:/usr/bin:/bin:/usr/sbin:/sbin:/Users/user/Library/Android/sdk/tools:/Users/user/Library/Android/sdk/platform-tools
10 verbose lifecycle meteor-cordova-starter@~sim: CWD: /Users/user/projects/meteor_cordova_starter
11 silly lifecycle meteor-cordova-starter@~sim: Args: [ '-c',
11 silly lifecycle   'npm install && meteor run ios --settings settings.json' ]
12 silly lifecycle meteor-cordova-starter@~sim: Returned: code: 1  signal: null
13 info lifecycle meteor-cordova-starter@~sim: Failed to exec sim script
14 verbose stack Error: meteor-cordova-starter@ sim: `npm install && meteor run ios --settings settings.json`
14 verbose stack Exit status 1
14 verbose stack     at EventEmitter.<anonymous> (/Users/user/.nvm/versions/node/v6.11.3/lib/node_modules/npm/lib/utils/lifecycle.js:255:16)
14 verbose stack     at emitTwo (events.js:106:13)
14 verbose stack     at EventEmitter.emit (events.js:191:7)
14 verbose stack     at ChildProcess.<anonymous> (/Users/user/.nvm/versions/node/v6.11.3/lib/node_modules/npm/lib/utils/spawn.js:40:14)
14 verbose stack     at emitTwo (events.js:106:13)
14 verbose stack     at ChildProcess.emit (events.js:191:7)
14 verbose stack     at maybeClose (internal/child_process.js:920:16)
14 verbose stack     at Process.ChildProcess._handle.onexit (internal/child_process.js:230:5)
15 verbose pkgid meteor-cordova-starter@
16 verbose cwd /Users/user/projects/meteor_cordova_starter
17 error Darwin 16.5.0
18 error argv "/Users/user/.nvm/versions/node/v6.11.3/bin/node" "/Users/user/.nvm/versions/node/v6.11.3/bin/npm" "run" "sim"
19 error node v6.11.3
20 error npm  v3.10.10
21 error code ELIFECYCLE
22 error meteor-cordova-starter@ sim: `npm install && meteor run ios --settings settings.json`
22 error Exit status 1
23 error Failed at the meteor-cordova-starter@ sim script 'npm install && meteor run ios --settings settings.json'.
23 error Make sure you have the latest version of node.js and npm installed.
23 error If you do, this is most likely a problem with the meteor-cordova-starter package,
23 error not with npm itself.
23 error Tell the author that this fails on your system:
23 error     npm install && meteor run ios --settings settings.json
23 error You can get information on how to open an issue for this project with:
23 error     npm bugs meteor-cordova-starter
23 error Or if that isn't available, you can get their info via:
23 error     npm owner ls meteor-cordova-starter
23 error There is likely additional logging output above.
24 verbose exit [ 1, true ]
